<?xml version='1.0'?>
<ns2:test-suite xmlns:ns2='urn:model.allure.qatools.yandex.ru' start='1547738660357' stop='1547738668771'>
    <name>test app</name>
    <title>test app</title>
    <test-cases>
        <test-case start='1547738660357' status='passed' stop='1547738663280'>
            <name>should get to the main page of the app</name>
            <title>should get to the main page of the app</title>
            <labels/>
            <parameters/>
            <steps/>
            <attachments>
                <attachment title='Screenshot' source='36bfb637-569b-4d75-b630-0dcb6c1cae5a-attachment.png' type='image/png' size='45510'/>
            </attachments>
        </test-case>
        <test-case start='1547738663280' status='failed' stop='1547738663908'>
            <name>should write wrong input in the name input</name>
            <title>should write wrong input in the name input</title>
            <labels/>
            <parameters/>
            <steps/>
            <attachments>
                <attachment title='Screenshot' source='04d36241-8e1c-43fd-96da-d0fd6b87fa53-attachment.png' type='image/png' size='45268'/>
            </attachments>
            <failure>
                <message>Expected 'username form-control input-sm ng-untouched ng-invalid ng-dirty ng-valid-parse ng-valid-required ng-invalid-minlength' to equal 'username form-control input-sm ng-invalid ng-dirty ng-valid-parse ng-valid-required ng-invalid-minlength ng-touched'.</message>
                <stack-trace>Error: Failed expectation
                    at UserContext.&lt;anonymous> (C:\Users\misha\WebstormProjects\angularTestingProject\specs\main-spec.js:14:67)
                    at C:\Users\misha\WebstormProjects\angularTestingProject\node_modules\jasminewd2\index.js:112:25
                    at new ManagedPromise (C:\Users\misha\WebstormProjects\angularTestingProject\node_modules\selenium-webdriver\lib\promise.js:1077:7)
                    at ControlFlow.promise (C:\Users\misha\WebstormProjects\angularTestingProject\node_modules\selenium-webdriver\lib\promise.js:2505:12)
                    at schedulerExecute (C:\Users\misha\WebstormProjects\angularTestingProject\node_modules\jasminewd2\index.js:95:18)
                    at TaskQueue.execute_ (C:\Users\misha\WebstormProjects\angularTestingProject\node_modules\selenium-webdriver\lib\promise.js:3084:14)
                    at TaskQueue.executeNext_ (C:\Users\misha\WebstormProjects\angularTestingProject\node_modules\selenium-webdriver\lib\promise.js:3067:27)
                    at asyncRun (C:\Users\misha\WebstormProjects\angularTestingProject\node_modules\selenium-webdriver\lib\promise.js:2974:25)
                    at C:\Users\misha\WebstormProjects\angularTestingProject\node_modules\selenium-webdriver\lib\promise.js:668:7</stack-trace>
            </failure>
        </test-case>
        <test-case start='1547738663908' status='failed' stop='1547738664384'>
            <name>should write blank value in the name input</name>
            <title>should write blank value in the name input</title>
            <labels/>
            <parameters/>
            <steps/>
            <attachments>
                <attachment title='Screenshot' source='d3b6d5e5-b180-4073-9429-95dde1288656-attachment.png' type='image/png' size='46209'/>
            </attachments>
            <failure>
                <message>Expected 'username form-control input-sm ng-invalid ng-dirty ng-valid-parse ng-invalid-required ng-valid-minlength ng-touched' to equal 'username form-control input-sm ng-invalid ng-touched ng-dirty ng-valid-parse ng-invalid-required ng-valid-minlength'.</message>
                <stack-trace>Error: Failed expectation
                    at UserContext.&lt;anonymous> (C:\Users\misha\WebstormProjects\angularTestingProject\specs\main-spec.js:28:67)
                    at C:\Users\misha\WebstormProjects\angularTestingProject\node_modules\jasminewd2\index.js:112:25
                    at new ManagedPromise (C:\Users\misha\WebstormProjects\angularTestingProject\node_modules\selenium-webdriver\lib\promise.js:1077:7)
                    at ControlFlow.promise (C:\Users\misha\WebstormProjects\angularTestingProject\node_modules\selenium-webdriver\lib\promise.js:2505:12)
                    at schedulerExecute (C:\Users\misha\WebstormProjects\angularTestingProject\node_modules\jasminewd2\index.js:95:18)
                    at TaskQueue.execute_ (C:\Users\misha\WebstormProjects\angularTestingProject\node_modules\selenium-webdriver\lib\promise.js:3084:14)
                    at TaskQueue.executeNext_ (C:\Users\misha\WebstormProjects\angularTestingProject\node_modules\selenium-webdriver\lib\promise.js:3067:27)
                    at asyncRun (C:\Users\misha\WebstormProjects\angularTestingProject\node_modules\selenium-webdriver\lib\promise.js:2974:25)
                    at C:\Users\misha\WebstormProjects\angularTestingProject\node_modules\selenium-webdriver\lib\promise.js:668:7</stack-trace>
            </failure>
        </test-case>
        <test-case start='1547738664384' status='failed' stop='1547738664867'>
            <name>should write right value (which passes the validation) in the name input</name>
            <title>should write right value (which passes the validation) in the name input</title>
            <labels/>
            <parameters/>
            <steps/>
            <attachments>
                <attachment title='Screenshot' source='387a22f6-8a45-491d-a808-58f67b189c50-attachment.png' type='image/png' size='45540'/>
            </attachments>
            <failure>
                <message>Expected 'username form-control input-sm ng-dirty ng-valid-parse ng-touched ng-valid-required ng-valid ng-valid-minlength' to equal 'username form-control input-sm ng-dirty ng-valid-parse ng-valid-required ng-touched ng-valid ng-valid-minlength'.</message>
                <stack-trace>Error: Failed expectation
                    at UserContext.&lt;anonymous> (C:\Users\misha\WebstormProjects\angularTestingProject\specs\main-spec.js:34:67)
                    at C:\Users\misha\WebstormProjects\angularTestingProject\node_modules\jasminewd2\index.js:112:25
                    at new ManagedPromise (C:\Users\misha\WebstormProjects\angularTestingProject\node_modules\selenium-webdriver\lib\promise.js:1077:7)
                    at ControlFlow.promise (C:\Users\misha\WebstormProjects\angularTestingProject\node_modules\selenium-webdriver\lib\promise.js:2505:12)
                    at schedulerExecute (C:\Users\misha\WebstormProjects\angularTestingProject\node_modules\jasminewd2\index.js:95:18)
                    at TaskQueue.execute_ (C:\Users\misha\WebstormProjects\angularTestingProject\node_modules\selenium-webdriver\lib\promise.js:3084:14)
                    at TaskQueue.executeNext_ (C:\Users\misha\WebstormProjects\angularTestingProject\node_modules\selenium-webdriver\lib\promise.js:3067:27)
                    at asyncRun (C:\Users\misha\WebstormProjects\angularTestingProject\node_modules\selenium-webdriver\lib\promise.js:2974:25)
                    at C:\Users\misha\WebstormProjects\angularTestingProject\node_modules\selenium-webdriver\lib\promise.js:668:7</stack-trace>
            </failure>
        </test-case>
        <test-case start='1547738664867' status='passed' stop='1547738665386'>
            <name>should value in address input</name>
            <title>should value in address input</title>
            <labels/>
            <parameters/>
            <steps/>
            <attachments>
                <attachment title='Screenshot' source='2bad8f3e-5b2f-4757-9783-64597f44bffc-attachment.png' type='image/png' size='44102'/>
            </attachments>
        </test-case>
        <test-case start='1547738665386' status='failed' stop='1547738665935'>
            <name>should write wrong input in the email input</name>
            <title>should write wrong input in the email input</title>
            <labels/>
            <parameters/>
            <steps/>
            <attachments>
                <attachment title='Screenshot' source='9e38d7a3-bfed-4584-a9fb-8b0b5a2e186c-attachment.png' type='image/png' size='43382'/>
            </attachments>
            <failure>
                <message>Expected 'email form-control input-sm ng-untouched ng-invalid ng-dirty ng-invalid-email ng-valid-required' to equal 'email form-control input-sm ng-invalid ng-touched ng-dirty ng-invalid-email ng-valid-required'.</message>
                <stack-trace>Error: Failed expectation
                    at UserContext.&lt;anonymous> (C:\Users\misha\WebstormProjects\angularTestingProject\specs\main-spec.js:47:68)
                    at C:\Users\misha\WebstormProjects\angularTestingProject\node_modules\jasminewd2\index.js:112:25
                    at new ManagedPromise (C:\Users\misha\WebstormProjects\angularTestingProject\node_modules\selenium-webdriver\lib\promise.js:1077:7)
                    at ControlFlow.promise (C:\Users\misha\WebstormProjects\angularTestingProject\node_modules\selenium-webdriver\lib\promise.js:2505:12)
                    at schedulerExecute (C:\Users\misha\WebstormProjects\angularTestingProject\node_modules\jasminewd2\index.js:95:18)
                    at TaskQueue.execute_ (C:\Users\misha\WebstormProjects\angularTestingProject\node_modules\selenium-webdriver\lib\promise.js:3084:14)
                    at TaskQueue.executeNext_ (C:\Users\misha\WebstormProjects\angularTestingProject\node_modules\selenium-webdriver\lib\promise.js:3067:27)
                    at asyncRun (C:\Users\misha\WebstormProjects\angularTestingProject\node_modules\selenium-webdriver\lib\promise.js:2974:25)
                    at C:\Users\misha\WebstormProjects\angularTestingProject\node_modules\selenium-webdriver\lib\promise.js:668:7</stack-trace>
            </failure>
        </test-case>
        <test-case start='1547738665935' status='failed' stop='1547738666408'>
            <name>should write blank value in the email input</name>
            <title>should write blank value in the email input</title>
            <labels/>
            <parameters/>
            <steps/>
            <attachments>
                <attachment title='Screenshot' source='7cca80be-8c5c-45c2-b1dc-e607a8c1be81-attachment.png' type='image/png' size='44311'/>
            </attachments>
            <failure>
                <message>Expected 'email form-control input-sm ng-invalid ng-dirty ng-valid-email ng-invalid-required ng-touched' to equal 'email form-control input-sm ng-invalid ng-touched ng-dirty ng-valid-email ng-invalid-required'.</message>
                <stack-trace>Error: Failed expectation
                    at UserContext.&lt;anonymous> (C:\Users\misha\WebstormProjects\angularTestingProject\specs\main-spec.js:61:68)
                    at C:\Users\misha\WebstormProjects\angularTestingProject\node_modules\jasminewd2\index.js:112:25
                    at new ManagedPromise (C:\Users\misha\WebstormProjects\angularTestingProject\node_modules\selenium-webdriver\lib\promise.js:1077:7)
                    at ControlFlow.promise (C:\Users\misha\WebstormProjects\angularTestingProject\node_modules\selenium-webdriver\lib\promise.js:2505:12)
                    at schedulerExecute (C:\Users\misha\WebstormProjects\angularTestingProject\node_modules\jasminewd2\index.js:95:18)
                    at TaskQueue.execute_ (C:\Users\misha\WebstormProjects\angularTestingProject\node_modules\selenium-webdriver\lib\promise.js:3084:14)
                    at TaskQueue.executeNext_ (C:\Users\misha\WebstormProjects\angularTestingProject\node_modules\selenium-webdriver\lib\promise.js:3067:27)
                    at asyncRun (C:\Users\misha\WebstormProjects\angularTestingProject\node_modules\selenium-webdriver\lib\promise.js:2974:25)
                    at C:\Users\misha\WebstormProjects\angularTestingProject\node_modules\selenium-webdriver\lib\promise.js:668:7</stack-trace>
            </failure>
        </test-case>
        <test-case start='1547738666408' status='failed' stop='1547738666901'>
            <name>should write right value (which passes the validation) in the email input</name>
            <title>should write right value (which passes the validation) in the email input</title>
            <labels/>
            <parameters/>
            <steps/>
            <attachments>
                <attachment title='Screenshot' source='3db66695-474d-4337-982e-3f9f133835d9-attachment.png' type='image/png' size='44583'/>
            </attachments>
            <failure>
                <message>Expected 'email form-control input-sm ng-dirty ng-touched ng-valid-required ng-valid ng-valid-email' to equal 'email form-control input-sm ng-touched ng-dirty ng-valid-email ng-valid ng-valid-required'.</message>
                <stack-trace>Error: Failed expectation
                    at UserContext.&lt;anonymous> (C:\Users\misha\WebstormProjects\angularTestingProject\specs\main-spec.js:67:68)
                    at C:\Users\misha\WebstormProjects\angularTestingProject\node_modules\jasminewd2\index.js:112:25
                    at new ManagedPromise (C:\Users\misha\WebstormProjects\angularTestingProject\node_modules\selenium-webdriver\lib\promise.js:1077:7)
                    at ControlFlow.promise (C:\Users\misha\WebstormProjects\angularTestingProject\node_modules\selenium-webdriver\lib\promise.js:2505:12)
                    at schedulerExecute (C:\Users\misha\WebstormProjects\angularTestingProject\node_modules\jasminewd2\index.js:95:18)
                    at TaskQueue.execute_ (C:\Users\misha\WebstormProjects\angularTestingProject\node_modules\selenium-webdriver\lib\promise.js:3084:14)
                    at TaskQueue.executeNext_ (C:\Users\misha\WebstormProjects\angularTestingProject\node_modules\selenium-webdriver\lib\promise.js:3067:27)
                    at asyncRun (C:\Users\misha\WebstormProjects\angularTestingProject\node_modules\selenium-webdriver\lib\promise.js:2974:25)
                    at C:\Users\misha\WebstormProjects\angularTestingProject\node_modules\selenium-webdriver\lib\promise.js:668:7</stack-trace>
            </failure>
        </test-case>
        <test-case start='1547738666901' status='passed' stop='1547738667494'>
            <name>should add user</name>
            <title>should add user</title>
            <labels/>
            <parameters/>
            <steps/>
            <attachments>
                <attachment title='Screenshot' source='caf9a371-79ac-43d0-9311-60109642f037-attachment.png' type='image/png' size='49856'/>
            </attachments>
        </test-case>
        <test-case start='1547738667494' status='failed' stop='1547738668048'>
            <name>should press edit button</name>
            <title>should press edit button</title>
            <labels/>
            <parameters/>
            <steps/>
            <attachments>
                <attachment title='Screenshot' source='2aa6292e-1a44-41a4-b1b5-091785460694-attachment.png' type='image/png' size='59100'/>
            </attachments>
            <failure>
                <message>Failed: unknown error: Element &lt;button type="button" id="edit" data-ng-click="controller.edit(u.id)" class="btn btn-success custom-width">...&lt;/button> is not clickable at point (1288, 446). Other element would receive the click: &lt;div modal-render="true" tabindex="-1" role="dialog" class="modal ng-isolate-scope in" uib-modal-animation-class="fade" modal-in-class="in" ng-style="{'z-index': 1050 + index*10, display: 'block'}" uib-modal-window="modal-window" index="0" animate="animate" style="z-index: 1050; display: block;">...&lt;/div>
                  (Session info: chrome=71.0.3578.98)
                  (Driver info: chromedriver=2.45.615291 (ec3682e3c9061c10f26ea9e5cdcf3c53f3f74387),platform=Windows NT 10.0.17134 x86_64)</message>
                <stack-trace>WebDriverError: unknown error: Element &lt;button type="button" id="edit" data-ng-click="controller.edit(u.id)" class="btn btn-success custom-width">...&lt;/button> is not clickable at point (1288, 446). Other element would receive the click: &lt;div modal-render="true" tabindex="-1" role="dialog" class="modal ng-isolate-scope in" uib-modal-animation-class="fade" modal-in-class="in" ng-style="{'z-index': 1050 + index*10, display: 'block'}" uib-modal-window="modal-window" index="0" animate="animate" style="z-index: 1050; display: block;">...&lt;/div>
                  (Session info: chrome=71.0.3578.98)
                  (Driver info: chromedriver=2.45.615291 (ec3682e3c9061c10f26ea9e5cdcf3c53f3f74387),platform=Windows NT 10.0.17134 x86_64)
                    at Object.checkLegacyResponse (C:\Users\misha\WebstormProjects\angularTestingProject\node_modules\selenium-webdriver\lib\error.js:546:15)
                    at parseHttpResponse (C:\Users\misha\WebstormProjects\angularTestingProject\node_modules\selenium-webdriver\lib\http.js:509:13)
                    at doSend.then.response (C:\Users\misha\WebstormProjects\angularTestingProject\node_modules\selenium-webdriver\lib\http.js:441:30)
                    at &lt;anonymous>
                    at process._tickCallback (internal/process/next_tick.js:188:7)
                From: Task: WebElement.click()
                    at thenableWebDriverProxy.schedule (C:\Users\misha\WebstormProjects\angularTestingProject\node_modules\selenium-webdriver\lib\webdriver.js:807:17)
                    at WebElement.schedule_ (C:\Users\misha\WebstormProjects\angularTestingProject\node_modules\selenium-webdriver\lib\webdriver.js:2010:25)
                    at WebElement.click (C:\Users\misha\WebstormProjects\angularTestingProject\node_modules\selenium-webdriver\lib\webdriver.js:2092:17)
                    at actionFn (C:\Users\misha\WebstormProjects\angularTestingProject\node_modules\protractor\built\element.js:89:44)
                    at Array.map (&lt;anonymous>)
                    at actionResults.getWebElements.then (C:\Users\misha\WebstormProjects\angularTestingProject\node_modules\protractor\built\element.js:461:65)
                    at ManagedPromise.invokeCallback_ (C:\Users\misha\WebstormProjects\angularTestingProject\node_modules\selenium-webdriver\lib\promise.js:1376:14)
                    at TaskQueue.execute_ (C:\Users\misha\WebstormProjects\angularTestingProject\node_modules\selenium-webdriver\lib\promise.js:3084:14)
                    at TaskQueue.executeNext_ (C:\Users\misha\WebstormProjects\angularTestingProject\node_modules\selenium-webdriver\lib\promise.js:3067:27)
                    at asyncRun (C:\Users\misha\WebstormProjects\angularTestingProject\node_modules\selenium-webdriver\lib\promise.js:2927:27)Error
                    at ElementArrayFinder.applyAction_ (C:\Users\misha\WebstormProjects\angularTestingProject\node_modules\protractor\built\element.js:459:27)
                    at ElementArrayFinder.(anonymous function).args [as click] (C:\Users\misha\WebstormProjects\angularTestingProject\node_modules\protractor\built\element.js:91:29)
                    at ElementFinder.(anonymous function).args [as click] (C:\Users\misha\WebstormProjects\angularTestingProject\node_modules\protractor\built\element.js:831:22)
                    at UserContext.&lt;anonymous> (C:\Users\misha\WebstormProjects\angularTestingProject\specs\main-spec.js:78:32)
                    at C:\Users\misha\WebstormProjects\angularTestingProject\node_modules\jasminewd2\index.js:112:25
                    at new ManagedPromise (C:\Users\misha\WebstormProjects\angularTestingProject\node_modules\selenium-webdriver\lib\promise.js:1077:7)
                    at ControlFlow.promise (C:\Users\misha\WebstormProjects\angularTestingProject\node_modules\selenium-webdriver\lib\promise.js:2505:12)
                    at schedulerExecute (C:\Users\misha\WebstormProjects\angularTestingProject\node_modules\jasminewd2\index.js:95:18)
                    at TaskQueue.execute_ (C:\Users\misha\WebstormProjects\angularTestingProject\node_modules\selenium-webdriver\lib\promise.js:3084:14)
                    at TaskQueue.executeNext_ (C:\Users\misha\WebstormProjects\angularTestingProject\node_modules\selenium-webdriver\lib\promise.js:3067:27)
                From: Task: Run it("should press edit button") in control flow
                    at UserContext.&lt;anonymous> (C:\Users\misha\WebstormProjects\angularTestingProject\node_modules\jasminewd2\index.js:94:19)
                    at attempt (C:\Users\misha\WebstormProjects\angularTestingProject\node_modules\jasmine-core\lib\jasmine-core\jasmine.js:4297:26)
                    at QueueRunner.run (C:\Users\misha\WebstormProjects\angularTestingProject\node_modules\jasmine-core\lib\jasmine-core\jasmine.js:4217:20)
                    at QueueRunner.execute (C:\Users\misha\WebstormProjects\angularTestingProject\node_modules\jasmine-core\lib\jasmine-core\jasmine.js:4199:10)
                    at Spec.queueRunnerFactory (C:\Users\misha\WebstormProjects\angularTestingProject\node_modules\jasmine-core\lib\jasmine-core\jasmine.js:909:35)
                    at Spec.execute (C:\Users\misha\WebstormProjects\angularTestingProject\node_modules\jasmine-core\lib\jasmine-core\jasmine.js:526:10)
                    at UserContext.fn (C:\Users\misha\WebstormProjects\angularTestingProject\node_modules\jasmine-core\lib\jasmine-core\jasmine.js:5340:37)
                    at attempt (C:\Users\misha\WebstormProjects\angularTestingProject\node_modules\jasmine-core\lib\jasmine-core\jasmine.js:4297:26)
                    at QueueRunner.run (C:\Users\misha\WebstormProjects\angularTestingProject\node_modules\jasmine-core\lib\jasmine-core\jasmine.js:4217:20)
                    at runNext (C:\Users\misha\WebstormProjects\angularTestingProject\node_modules\jasmine-core\lib\jasmine-core\jasmine.js:4257:20)
                From asynchronous test: 
                Error
                    at Suite.&lt;anonymous> (C:\Users\misha\WebstormProjects\angularTestingProject\specs\main-spec.js:75:5)
                    at addSpecsToSuite (C:\Users\misha\WebstormProjects\angularTestingProject\node_modules\jasmine-core\lib\jasmine-core\jasmine.js:1107:25)
                    at Env.describe (C:\Users\misha\WebstormProjects\angularTestingProject\node_modules\jasmine-core\lib\jasmine-core\jasmine.js:1074:7)
                    at describe (C:\Users\misha\WebstormProjects\angularTestingProject\node_modules\jasmine-core\lib\jasmine-core\jasmine.js:4399:18)
                    at Object.&lt;anonymous> (C:\Users\misha\WebstormProjects\angularTestingProject\specs\main-spec.js:2:1)
                    at Module._compile (module.js:652:30)
                    at Object.Module._extensions..js (module.js:663:10)
                    at Module.load (module.js:565:32)
                    at tryModuleLoad (module.js:505:12)</stack-trace>
            </failure>
        </test-case>
        <test-case start='1547738668048' status='failed' stop='1547738668422'>
            <name>should cancel deleting a user</name>
            <title>should cancel deleting a user</title>
            <labels/>
            <parameters/>
            <steps/>
            <attachments>
                <attachment title='Screenshot' source='4e465ecf-4432-4e28-a0e8-35904e062612-attachment.png' type='image/png' size='59100'/>
            </attachments>
            <failure>
                <message>Failed: unknown error: Element &lt;button type="button" id="remove" data-ng-click="controller.openModal(u)" class="btn btn-danger custom-width">...&lt;/button> is not clickable at point (1372, 599). Other element would receive the click: &lt;div modal-render="true" tabindex="-1" role="dialog" class="modal ng-isolate-scope in" uib-modal-animation-class="fade" modal-in-class="in" ng-style="{'z-index': 1050 + index*10, display: 'block'}" uib-modal-window="modal-window" index="0" animate="animate" style="z-index: 1050; display: block;">...&lt;/div>
                  (Session info: chrome=71.0.3578.98)
                  (Driver info: chromedriver=2.45.615291 (ec3682e3c9061c10f26ea9e5cdcf3c53f3f74387),platform=Windows NT 10.0.17134 x86_64)</message>
                <stack-trace>WebDriverError: unknown error: Element &lt;button type="button" id="remove" data-ng-click="controller.openModal(u)" class="btn btn-danger custom-width">...&lt;/button> is not clickable at point (1372, 599). Other element would receive the click: &lt;div modal-render="true" tabindex="-1" role="dialog" class="modal ng-isolate-scope in" uib-modal-animation-class="fade" modal-in-class="in" ng-style="{'z-index': 1050 + index*10, display: 'block'}" uib-modal-window="modal-window" index="0" animate="animate" style="z-index: 1050; display: block;">...&lt;/div>
                  (Session info: chrome=71.0.3578.98)
                  (Driver info: chromedriver=2.45.615291 (ec3682e3c9061c10f26ea9e5cdcf3c53f3f74387),platform=Windows NT 10.0.17134 x86_64)
                    at Object.checkLegacyResponse (C:\Users\misha\WebstormProjects\angularTestingProject\node_modules\selenium-webdriver\lib\error.js:546:15)
                    at parseHttpResponse (C:\Users\misha\WebstormProjects\angularTestingProject\node_modules\selenium-webdriver\lib\http.js:509:13)
                    at doSend.then.response (C:\Users\misha\WebstormProjects\angularTestingProject\node_modules\selenium-webdriver\lib\http.js:441:30)
                    at &lt;anonymous>
                    at process._tickCallback (internal/process/next_tick.js:188:7)
                From: Task: WebElement.click()
                    at thenableWebDriverProxy.schedule (C:\Users\misha\WebstormProjects\angularTestingProject\node_modules\selenium-webdriver\lib\webdriver.js:807:17)
                    at WebElement.schedule_ (C:\Users\misha\WebstormProjects\angularTestingProject\node_modules\selenium-webdriver\lib\webdriver.js:2010:25)
                    at WebElement.click (C:\Users\misha\WebstormProjects\angularTestingProject\node_modules\selenium-webdriver\lib\webdriver.js:2092:17)
                    at actionFn (C:\Users\misha\WebstormProjects\angularTestingProject\node_modules\protractor\built\element.js:89:44)
                    at Array.map (&lt;anonymous>)
                    at actionResults.getWebElements.then (C:\Users\misha\WebstormProjects\angularTestingProject\node_modules\protractor\built\element.js:461:65)
                    at ManagedPromise.invokeCallback_ (C:\Users\misha\WebstormProjects\angularTestingProject\node_modules\selenium-webdriver\lib\promise.js:1376:14)
                    at TaskQueue.execute_ (C:\Users\misha\WebstormProjects\angularTestingProject\node_modules\selenium-webdriver\lib\promise.js:3084:14)
                    at TaskQueue.executeNext_ (C:\Users\misha\WebstormProjects\angularTestingProject\node_modules\selenium-webdriver\lib\promise.js:3067:27)
                    at asyncRun (C:\Users\misha\WebstormProjects\angularTestingProject\node_modules\selenium-webdriver\lib\promise.js:2927:27)Error
                    at ElementArrayFinder.applyAction_ (C:\Users\misha\WebstormProjects\angularTestingProject\node_modules\protractor\built\element.js:459:27)
                    at ElementArrayFinder.(anonymous function).args [as click] (C:\Users\misha\WebstormProjects\angularTestingProject\node_modules\protractor\built\element.js:91:29)
                    at ElementFinder.(anonymous function).args [as click] (C:\Users\misha\WebstormProjects\angularTestingProject\node_modules\protractor\built\element.js:831:22)
                    at UserContext.&lt;anonymous> (C:\Users\misha\WebstormProjects\angularTestingProject\specs\main-spec.js:85:47)
                    at C:\Users\misha\WebstormProjects\angularTestingProject\node_modules\jasminewd2\index.js:112:25
                    at new ManagedPromise (C:\Users\misha\WebstormProjects\angularTestingProject\node_modules\selenium-webdriver\lib\promise.js:1077:7)
                    at ControlFlow.promise (C:\Users\misha\WebstormProjects\angularTestingProject\node_modules\selenium-webdriver\lib\promise.js:2505:12)
                    at schedulerExecute (C:\Users\misha\WebstormProjects\angularTestingProject\node_modules\jasminewd2\index.js:95:18)
                    at TaskQueue.execute_ (C:\Users\misha\WebstormProjects\angularTestingProject\node_modules\selenium-webdriver\lib\promise.js:3084:14)
                    at TaskQueue.executeNext_ (C:\Users\misha\WebstormProjects\angularTestingProject\node_modules\selenium-webdriver\lib\promise.js:3067:27)
                From: Task: Run it("should cancel deleting a user") in control flow
                    at UserContext.&lt;anonymous> (C:\Users\misha\WebstormProjects\angularTestingProject\node_modules\jasminewd2\index.js:94:19)
                    at attempt (C:\Users\misha\WebstormProjects\angularTestingProject\node_modules\jasmine-core\lib\jasmine-core\jasmine.js:4297:26)
                    at QueueRunner.run (C:\Users\misha\WebstormProjects\angularTestingProject\node_modules\jasmine-core\lib\jasmine-core\jasmine.js:4217:20)
                    at QueueRunner.execute (C:\Users\misha\WebstormProjects\angularTestingProject\node_modules\jasmine-core\lib\jasmine-core\jasmine.js:4199:10)
                    at Spec.queueRunnerFactory (C:\Users\misha\WebstormProjects\angularTestingProject\node_modules\jasmine-core\lib\jasmine-core\jasmine.js:909:35)
                    at Spec.execute (C:\Users\misha\WebstormProjects\angularTestingProject\node_modules\jasmine-core\lib\jasmine-core\jasmine.js:526:10)
                    at UserContext.fn (C:\Users\misha\WebstormProjects\angularTestingProject\node_modules\jasmine-core\lib\jasmine-core\jasmine.js:5340:37)
                    at attempt (C:\Users\misha\WebstormProjects\angularTestingProject\node_modules\jasmine-core\lib\jasmine-core\jasmine.js:4297:26)
                    at QueueRunner.run (C:\Users\misha\WebstormProjects\angularTestingProject\node_modules\jasmine-core\lib\jasmine-core\jasmine.js:4217:20)
                    at runNext (C:\Users\misha\WebstormProjects\angularTestingProject\node_modules\jasmine-core\lib\jasmine-core\jasmine.js:4257:20)
                From asynchronous test: 
                Error
                    at Suite.&lt;anonymous> (C:\Users\misha\WebstormProjects\angularTestingProject\specs\main-spec.js:83:5)
                    at addSpecsToSuite (C:\Users\misha\WebstormProjects\angularTestingProject\node_modules\jasmine-core\lib\jasmine-core\jasmine.js:1107:25)
                    at Env.describe (C:\Users\misha\WebstormProjects\angularTestingProject\node_modules\jasmine-core\lib\jasmine-core\jasmine.js:1074:7)
                    at describe (C:\Users\misha\WebstormProjects\angularTestingProject\node_modules\jasmine-core\lib\jasmine-core\jasmine.js:4399:18)
                    at Object.&lt;anonymous> (C:\Users\misha\WebstormProjects\angularTestingProject\specs\main-spec.js:2:1)
                    at Module._compile (module.js:652:30)
                    at Object.Module._extensions..js (module.js:663:10)
                    at Module.load (module.js:565:32)
                    at tryModuleLoad (module.js:505:12)</stack-trace>
            </failure>
        </test-case>
        <test-case start='1547738668422' status='failed' stop='1547738668771'>
            <name>should delete a user</name>
            <title>should delete a user</title>
            <labels/>
            <parameters/>
            <steps/>
            <attachments>
                <attachment title='Screenshot' source='6cb35317-6ed4-4dca-9a75-7361766f876a-attachment.png' type='image/png' size='59100'/>
            </attachments>
            <failure>
                <message>Failed: unknown error: Element &lt;button type="button" id="remove" data-ng-click="controller.openModal(u)" class="btn btn-danger custom-width">...&lt;/button> is not clickable at point (1372, 599). Other element would receive the click: &lt;div modal-render="true" tabindex="-1" role="dialog" class="modal ng-isolate-scope in" uib-modal-animation-class="fade" modal-in-class="in" ng-style="{'z-index': 1050 + index*10, display: 'block'}" uib-modal-window="modal-window" index="0" animate="animate" style="z-index: 1050; display: block;">...&lt;/div>
                  (Session info: chrome=71.0.3578.98)
                  (Driver info: chromedriver=2.45.615291 (ec3682e3c9061c10f26ea9e5cdcf3c53f3f74387),platform=Windows NT 10.0.17134 x86_64)</message>
                <stack-trace>WebDriverError: unknown error: Element &lt;button type="button" id="remove" data-ng-click="controller.openModal(u)" class="btn btn-danger custom-width">...&lt;/button> is not clickable at point (1372, 599). Other element would receive the click: &lt;div modal-render="true" tabindex="-1" role="dialog" class="modal ng-isolate-scope in" uib-modal-animation-class="fade" modal-in-class="in" ng-style="{'z-index': 1050 + index*10, display: 'block'}" uib-modal-window="modal-window" index="0" animate="animate" style="z-index: 1050; display: block;">...&lt;/div>
                  (Session info: chrome=71.0.3578.98)
                  (Driver info: chromedriver=2.45.615291 (ec3682e3c9061c10f26ea9e5cdcf3c53f3f74387),platform=Windows NT 10.0.17134 x86_64)
                    at Object.checkLegacyResponse (C:\Users\misha\WebstormProjects\angularTestingProject\node_modules\selenium-webdriver\lib\error.js:546:15)
                    at parseHttpResponse (C:\Users\misha\WebstormProjects\angularTestingProject\node_modules\selenium-webdriver\lib\http.js:509:13)
                    at doSend.then.response (C:\Users\misha\WebstormProjects\angularTestingProject\node_modules\selenium-webdriver\lib\http.js:441:30)
                    at &lt;anonymous>
                    at process._tickCallback (internal/process/next_tick.js:188:7)
                From: Task: WebElement.click()
                    at thenableWebDriverProxy.schedule (C:\Users\misha\WebstormProjects\angularTestingProject\node_modules\selenium-webdriver\lib\webdriver.js:807:17)
                    at WebElement.schedule_ (C:\Users\misha\WebstormProjects\angularTestingProject\node_modules\selenium-webdriver\lib\webdriver.js:2010:25)
                    at WebElement.click (C:\Users\misha\WebstormProjects\angularTestingProject\node_modules\selenium-webdriver\lib\webdriver.js:2092:17)
                    at actionFn (C:\Users\misha\WebstormProjects\angularTestingProject\node_modules\protractor\built\element.js:89:44)
                    at Array.map (&lt;anonymous>)
                    at actionResults.getWebElements.then (C:\Users\misha\WebstormProjects\angularTestingProject\node_modules\protractor\built\element.js:461:65)
                    at ManagedPromise.invokeCallback_ (C:\Users\misha\WebstormProjects\angularTestingProject\node_modules\selenium-webdriver\lib\promise.js:1376:14)
                    at TaskQueue.execute_ (C:\Users\misha\WebstormProjects\angularTestingProject\node_modules\selenium-webdriver\lib\promise.js:3084:14)
                    at TaskQueue.executeNext_ (C:\Users\misha\WebstormProjects\angularTestingProject\node_modules\selenium-webdriver\lib\promise.js:3067:27)
                    at asyncRun (C:\Users\misha\WebstormProjects\angularTestingProject\node_modules\selenium-webdriver\lib\promise.js:2927:27)Error
                    at ElementArrayFinder.applyAction_ (C:\Users\misha\WebstormProjects\angularTestingProject\node_modules\protractor\built\element.js:459:27)
                    at ElementArrayFinder.(anonymous function).args [as click] (C:\Users\misha\WebstormProjects\angularTestingProject\node_modules\protractor\built\element.js:91:29)
                    at ElementFinder.(anonymous function).args [as click] (C:\Users\misha\WebstormProjects\angularTestingProject\node_modules\protractor\built\element.js:831:22)
                    at UserContext.&lt;anonymous> (C:\Users\misha\WebstormProjects\angularTestingProject\specs\main-spec.js:91:47)
                    at C:\Users\misha\WebstormProjects\angularTestingProject\node_modules\jasminewd2\index.js:112:25
                    at new ManagedPromise (C:\Users\misha\WebstormProjects\angularTestingProject\node_modules\selenium-webdriver\lib\promise.js:1077:7)
                    at ControlFlow.promise (C:\Users\misha\WebstormProjects\angularTestingProject\node_modules\selenium-webdriver\lib\promise.js:2505:12)
                    at schedulerExecute (C:\Users\misha\WebstormProjects\angularTestingProject\node_modules\jasminewd2\index.js:95:18)
                    at TaskQueue.execute_ (C:\Users\misha\WebstormProjects\angularTestingProject\node_modules\selenium-webdriver\lib\promise.js:3084:14)
                    at TaskQueue.executeNext_ (C:\Users\misha\WebstormProjects\angularTestingProject\node_modules\selenium-webdriver\lib\promise.js:3067:27)
                From: Task: Run it("should delete a user") in control flow
                    at UserContext.&lt;anonymous> (C:\Users\misha\WebstormProjects\angularTestingProject\node_modules\jasminewd2\index.js:94:19)
                    at attempt (C:\Users\misha\WebstormProjects\angularTestingProject\node_modules\jasmine-core\lib\jasmine-core\jasmine.js:4297:26)
                    at QueueRunner.run (C:\Users\misha\WebstormProjects\angularTestingProject\node_modules\jasmine-core\lib\jasmine-core\jasmine.js:4217:20)
                    at QueueRunner.execute (C:\Users\misha\WebstormProjects\angularTestingProject\node_modules\jasmine-core\lib\jasmine-core\jasmine.js:4199:10)
                    at Spec.queueRunnerFactory (C:\Users\misha\WebstormProjects\angularTestingProject\node_modules\jasmine-core\lib\jasmine-core\jasmine.js:909:35)
                    at Spec.execute (C:\Users\misha\WebstormProjects\angularTestingProject\node_modules\jasmine-core\lib\jasmine-core\jasmine.js:526:10)
                    at UserContext.fn (C:\Users\misha\WebstormProjects\angularTestingProject\node_modules\jasmine-core\lib\jasmine-core\jasmine.js:5340:37)
                    at attempt (C:\Users\misha\WebstormProjects\angularTestingProject\node_modules\jasmine-core\lib\jasmine-core\jasmine.js:4297:26)
                    at QueueRunner.run (C:\Users\misha\WebstormProjects\angularTestingProject\node_modules\jasmine-core\lib\jasmine-core\jasmine.js:4217:20)
                    at runNext (C:\Users\misha\WebstormProjects\angularTestingProject\node_modules\jasmine-core\lib\jasmine-core\jasmine.js:4257:20)
                From asynchronous test: 
                Error
                    at Suite.&lt;anonymous> (C:\Users\misha\WebstormProjects\angularTestingProject\specs\main-spec.js:89:5)
                    at addSpecsToSuite (C:\Users\misha\WebstormProjects\angularTestingProject\node_modules\jasmine-core\lib\jasmine-core\jasmine.js:1107:25)
                    at Env.describe (C:\Users\misha\WebstormProjects\angularTestingProject\node_modules\jasmine-core\lib\jasmine-core\jasmine.js:1074:7)
                    at describe (C:\Users\misha\WebstormProjects\angularTestingProject\node_modules\jasmine-core\lib\jasmine-core\jasmine.js:4399:18)
                    at Object.&lt;anonymous> (C:\Users\misha\WebstormProjects\angularTestingProject\specs\main-spec.js:2:1)
                    at Module._compile (module.js:652:30)
                    at Object.Module._extensions..js (module.js:663:10)
                    at Module.load (module.js:565:32)
                    at tryModuleLoad (module.js:505:12)</stack-trace>
            </failure>
        </test-case>
    </test-cases>
</ns2:test-suite>